make.exe all --print-data-base --no-builtin-variables --no-builtin-rules --question
make: *** No rule to make target 'all'.  Stop.

# GNU Make 4.3
# Built for Windows32
# Copyright (C) 1988-2020 Free Software Foundation, Inc.
# License GPLv3+: GNU GPL version 3 or later <http://gnu.org/licenses/gpl.html>
# This is free software: you are free to change and redistribute it.
# There is NO WARRANTY, to the extent permitted by law.

# Make data base, printed on Thu May 26 18:52:11 2022

# Variables

# environment
FPS_BROWSER_APP_PROFILE_STRING = Internet Explorer
# environment
SYSTEMDRIVE = C:
# environment
JAVA_HOME = C:\emsdk\java\8.152_64bit
# environment
LC_ALL = C
# environment
USERPROFILE = C:\Users\milan
# environment
VBOX_MSI_INSTALL_PATH = C:\Program Files\Oracle\VirtualBox\
# environment
LOCALAPPDATA = C:\Users\milan\AppData\Local
# environment
VSCODE_IPC_HOOK_EXTHOST = \\.\pipe\vscode-ipc-7afecf81-4cca-4fd8-b58b-2cee78efc1bc-sock
# environment
VSCODE_CWD = C:\Users\milan\Desktop\graphics\imgui-sfml-template
# environment
CHOCOLATEYINSTALL = C:\ProgramData\chocolatey
# environment
SYSTEMROOT = C:\WINDOWS
# environment
PROCESSOR_LEVEL = 6
# environment
PSMODULEPATH = C:\Program Files\WindowsPowerShell\Modules;C:\WINDOWS\system32\WindowsPowerShell\v1.0\Modules
# default
MAKE_COMMAND := C:/ProgramData/chocolatey/lib/make/tools/install/bin/make.exe
# automatic
@D = $(patsubst %/,%,$(patsubst %\,%,$(dir $@)))
# environment
LUA_DEV = C:\Program Files (x86)\Lua\5.1
# environment
CHROME_CRASHPAD_PIPE_NAME = \\.\pipe\crashpad_11024_ICTGYUUIXVFYVQIY
# environment
FPS_BROWSER_USER_PROFILE_STRING = Default
# environment
VSCODE_HANDLES_UNCAUGHT_ERRORS = true
# default
.VARIABLES := 
# automatic
%D = $(patsubst %/,%,$(patsubst %\,%,$(dir $%)))
# automatic
^D = $(patsubst %/,%,$(patsubst %\,%,$(dir $^)))
# environment
VSCODE_LOG_STACK = false
# automatic
%F = $(notdir $%)
# environment
VSCODE_CODE_CACHE_PATH = C:\Users\milan\AppData\Roaming\Code\CachedData\c3511e6c69bb39013c4a4b7b9566ec1ca73fc4d5
# environment
LANG = C
# default
.LOADED := 
# environment
TMP = C:\Users\milan\AppData\Local\Temp
# default
.INCLUDE_DIRS = .
# environment
PROCESSOR_ARCHITEW6432 = AMD64
# makefile
MAKEFLAGS = pqrR
# environment
ONEDRIVE = C:\Users\milan\OneDrive
# makefile
CURDIR := c:/Users/milan/Desktop/graphics/imgui-sfml-template
# environment
VSCODE_PIPE_LOGGING = true
# environment
APPLICATION_INSIGHTS_NO_DIAGNOSTIC_CHANNEL = 1
# automatic
*D = $(patsubst %/,%,$(patsubst %\,%,$(dir $*)))
# environment
PROGRAMFILES = C:\Program Files (x86)
# environment
MFLAGS = -pqrR
# default
.SHELLFLAGS := -c
# environment
COMMONPROGRAMW6432 = C:\Program Files\Common Files
# automatic
+D = $(patsubst %/,%,$(patsubst %\,%,$(dir $+)))
# makefile (from 'makefile', line 1)
MAKEFILE_LIST := makefile
# automatic
@F = $(notdir $@)
# environment
VSCODE_VERBOSE_LOGGING = true
# environment
VSCODE_PID = 11024
# automatic
?D = $(patsubst %/,%,$(patsubst %\,%,$(dir $?)))
# automatic
*F = $(notdir $*)
# environment
LUA_PATH = ;;C:\Program Files (x86)\Lua\5.1\lua\?.luac
# automatic
<D = $(patsubst %/,%,$(patsubst %\,%,$(dir $<)))
# environment
VSCODE_NLS_CONFIG = {"locale":"en-gb","availableLanguages":{},"_languagePackSupport":true}
# default
MAKE_HOST := Windows32
# environment
PROGRAMDATA = C:\ProgramData
# default
SHELL := sh.exe
# environment
HOMEPATH = \Users\milan
# default
MAKECMDGOALS := all
# environment
DRIVERDATA = C:\Windows\System32\Drivers\DriverData
# environment
COMSPEC = C:\WINDOWS\system32\cmd.exe
# environment
WINDIR = C:\WINDOWS
# environment
ESET_OPTIONS = $(subst ,,                                                                                                                                                                                                                                                                                                                                                                                                                                                                                                                               )
# environment
MAKELEVEL := 0
# default
MAKE = $(MAKE_COMMAND)
# environment
PATH = C:\Program Files (x86)\Common Files\Oracle\Java\javapath;C:\Program Files (x86)\Intel\Intel(R) Management Engine Components\iCLS\;C:\Program Files\Intel\Intel(R) Management Engine Components\iCLS\;C:\windows\system32;C:\windows;C:\windows\System32\Wbem;C:\windows\System32\WindowsPowerShell\v1.0\;C:\windows\System32\OpenSSH\;C:\Program Files (x86)\Intel\Intel(R) Management Engine Components\DAL;C:\Program Files\Intel\Intel(R) Management Engine Components\DAL;C:\Program Files (x86)\Intel\Intel(R) Management Engine Components\IPT;C:\Program Files\Intel\Intel(R) Management Engine Components\IPT;C:\Program Files (x86)\NVIDIA Corporation\PhysX\Common;C:\WINDOWS\system32;C:\WINDOWS;C:\WINDOWS\System32\Wbem;C:\WINDOWS\System32\WindowsPowerShell\v1.0\;C:\WINDOWS\System32\OpenSSH\;C:\Windows\Microsoft.NET\Framework64\v2.0.50727;C:\Program Files\dotnet\;C:\Program Files (x86)\dotnet\;C:\Program Files\NVIDIA Corporation\NVIDIA NvDLISR;C:\WINDOWS\system32;C:\WINDOWS;C:\WINDOWS\System32\Wbem;C:\WINDOWS\System32\WindowsPowerShell\v1.0\;C:\WINDOWS\System32\OpenSSH\;C:\ProgramData\chocolatey\bin;C:\MinGW\bin;C:\Program Files\nodejs\;C:\Program Files (x86)\Lua\5.1;C:\Program Files (x86)\Lua\5.1\clibs;D:\Program Files\Git\cmd;C:\emsdk;C:\emsdk\node\14.18.2_64bit\bin;C:\emsdk\upstream\emscripten;C:\Users\milan\AppData\Local\Programs\Python\Python39\Scripts\;C:\Users\milan\AppData\Local\Programs\Python\Python39\;C:\Users\milan\.dotnet\tools;C:\Program Files\JetBrains\PyCharm Community Edition 2021.1.2\bin;;C:\Users\milan\AppData\Local\Microsoft\WindowsApps;C:\Program Files\heroku\bin;C:\Users\milan\AppData\Local\Programs\Microsoft VS Code\bin;C:\Users\milan\Desktop\Ccode\compiler;C:\mingw32\bin;C:\Program Files (x86)\Atmel\Flip 3.4.7\bin;C:\Users\milan\AppData\Roaming\npm;C:\Program Files\PostgreSQL\9.5\bin\;C:\Users\milan\Documents\flutter\bin;C:\tools\neovim\nvim-win64\bin;C:\Program Files (x86)\Lua\5.1;C:\lua-5.4.2_Win64_bin;
# environment
COMPUTERNAME = MEDION-ERAZER-X
# default
MAKEFILES := 
# automatic
^F = $(notdir $^)
# environment
PROMPT = $P$G
# environment
CHOCOLATEYLASTPATHUPDATE = 132949418793176560
# environment
LOGONSERVER = \\MEDION-ERAZER-X
# environment
VSCODE_LOG_NATIVE = false
# environment
USERNAME = milan
# environment
COMMONPROGRAMFILES = C:\Program Files (x86)\Common Files
# automatic
?F = $(notdir $?)
# environment
PROGRAMW6432 = C:\Program Files
# environment
MSFS_SDK = C:\MSFS SDK\
# environment
PATHEXT = .COM;.EXE;.BAT;.CMD;.VBS;.VBE;.JS;.JSE;.WSF;.WSH;.MSC;.wlua;.lexe
# automatic
+F = $(notdir $+)
# environment
ORIGINAL_XDG_CURRENT_DESKTOP = undefined
# environment
USERDOMAIN = MEDION-ERAZER-X
# 'override' directive
GNUMAKEFLAGS := 
# environment
OS = Windows_NT
# makefile
.DEFAULT_GOAL := output
# default
MAKE_VERSION := 4.3
# environment
PROGRAMFILES(X86) = C:\Program Files (x86)
# environment
USERDOMAIN_ROAMINGPROFILE = MEDION-ERAZER-X
# environment
NUMBER_OF_PROCESSORS = 12
# environment
PUBLIC = C:\Users\Public
# environment
APPDATA = C:\Users\milan\AppData\Roaming
# environment
HOMEDRIVE = C:
# environment
PROCESSOR_ARCHITECTURE = x86
# environment
PYCHARM COMMUNITY EDITION = C:\Program Files\JetBrains\PyCharm Community Edition 2021.1.2\bin;
# environment
VSCODE_AMD_ENTRYPOINT = vs/workbench/api/node/extensionHostProcess
# environment
COMMONPROGRAMFILES(X86) = C:\Program Files (x86)\Common Files
# environment
ELECTRON_RUN_AS_NODE = 1
# environment
TEMP = C:\Users\milan\AppData\Local\Temp
# environment
VSCODE_IPC_HOOK = \\.\pipe\e4bc06bbc5ff1f08bbfc4048da47a488-1.67.2-main-sock
# default
.RECIPEPREFIX := 
# automatic
<F = $(notdir $<)
# default
SUFFIXES := 
# environment
ALLUSERSPROFILE = C:\ProgramData
# environment
SESSIONNAME = Console
# default
.FEATURES := target-specific order-only second-expansion else-if shortest-stem undefine oneshell nocomment grouped-target extra-prereqs archives jobserver output-sync load
# environment
PROCESSOR_REVISION = 9e0a
# environment
CHOCOLATEYTOOLSLOCATION = C:\tools
# environment
PROCESSOR_IDENTIFIER = Intel64 Family 6 Model 158 Stepping 10, GenuineIntel
# variable set hash-table stats:
# Load=104/1024=10%, Rehash=0, Collisions=11/131=8%

# Pattern-specific Variable Values

# No pattern-specific variable values.

# Directories

# . (key c:/Users/milan/Desktop/graphics/imgui-sfml-template, mtime 1653583929): 18 files, no impossibilities.

# 18 files, no impossibilities in 1 directories.

# Implic 
it Rules

# No implicit rules.

# Files

imgui_widgets.o: lib\imgui_widgets.cpp
#  Implicit rule search has not been done.
#  Modification time never checked.
#  File has not been updated.
#  recipe to execute (from 'makefile', line 7):
	g++ lib\imgui_widgets.cpp -c -I include/ 

imgui_tables.o: lib\imgui_tables.cpp
#  Implicit rule search has not been done.
#  Modification time never checked.
#  File has not been updated.
#  recipe to execute (from 'makefile', line 11):
	g++ lib\imgui_tables.cpp -c -I include/ 

imgui-SFML.o: lib\imgui-SFML.cpp
#  Implicit rule search has not been done.
#  Modification time never checked.
#  File has not been updated.
#  recipe to execute (from 'makefile', line 13):
	g++ lib\imgui-SFML.cpp -c -I include/ 

# Not a target:
lib\imgui.cpp:
#  Implicit rule search has not been done.
#  Modification time never checked.
#  File has not been updated.

# Not a target:
lib\imgui_tables.cpp:
#  Implicit rule search has not been done.
#  Modification time never checked.
#  File has not been updated.

imgui.o: lib\imgui.cpp
#  Implicit rule search has not been done.
#  Modification time never checked.
#  File has not been updated.
#  recipe to execute (from 'makefile', line 9):
	g++ lib\imgui.cpp -c -I include/

# Not a target:
lib\imgui_widgets.cpp:
#  Implicit rule search has not been done.
#  Modification time never checked.
#  File has not been updated.

# Not a target:
lib\imgui-SFML.cpp:
#  Implicit rule search has not been done.
#  Modification time never checked.
#  File has not been updated.

# Not a target:
.DEFAULT:
#  Implicit rule search has not been done.
#  Modification time never checked.
#  File has not been updated.

# Not a target:
lib\imgui_demo.cpp:
#  Implicit rule search has not been done.
#  Modification time never checked.
#  File has not been updated.

output: imgui_draw.o imgui_widgets.o imgui.o imgui_tables.o imgui-SFML.o imgui_demo.o main.o
#  Implicit rule search has not been done.
#  Modification time never checked.
#  File has not been updated.
#  recipe to execute (from 'makefile', line 2):
	g++ main.o imgui_draw.o imgui_widgets.o imgui.o imgui_tables.o imgui-SFML.o imgui_demo.o -o bin\main.exe -lsfml-system -lsfml-window -lsfml-graphics -lsfml-audio -lsfml-network -lopengl32 

# Not a target:
all:
#  Command line target.
#  Implicit rule search has been done.
#  File does not exist.
#  File has not been updated.

imgui_draw.o: lib\imgui_draw.cpp
#  Implicit rule search has not been done.
#  Modification time never checked.
#  File has not been updated.
#  recipe to execute (from 'makefile', line 5):
	g++ lib\imgui_draw.cpp -c -I include/ 

# Not a target:
main.cpp:
#  Implicit rule search has not been done.
#  Modification time never checked.
#  File has not been updated.

main.o: main.cpp
#  Implicit rule search has not been done.
#  Modification time never checked.
#  File has not been updated.
#  recipe to execute (from 'makefile', line 18):
	g++ main.cpp -c -I include/ 

# Not a target:
makefile:
#  Implicit rule search has been done.
#  Last modified 2022-05-26 18:51:53
#  File has been updated.
#  Successfully updated.

imgui_demo.o: lib\imgui_demo.cpp
#  Implicit rule search has not been done.
#  Modification time never checked.
#  File has not been updated.
#  recipe to execute (from 'makefile', line 15):
	g++ lib\imgui_demo.cpp -c -I include/ 

# Not a target:
lib\imgui_draw.cpp:
#  Implicit rule search has not been done.
#  Modification time never checked.
#  File has not been updated.

# files hash-table stats:
# Load=19/1024=2%, Rehash=0, Collisions=0/50=0%
# VPATH Search Paths

# No 'vpath' search paths.

# No general ('VPATH' variable) search path.

# strcache buffers: 1 (0) / strings = 28 / storage = 302 B / avg = 10 B
# current buf: size = 8174 B / used = 302 B / count = 28 / avg = 10 B

# strcache performance: lookups = 55 / hit rate = 49%
# hash-table stats:
# Load=28/8192=0%, Rehash=0, Collisions=0/55=0%
# Finished Make data base on Thu May 26 18:52:11 2022

 
